Message time: 2024-03-25T17:08:50.555880800
From: rou
Text: hello
Message time: 2024-03-25T17:10:05.001972200
From: oru
Text: ada
Message time: 2024-03-25T17:12:30.335198
From: rou
Text: hello
Message time: 2024-03-25T17:14:44.345492
From: rou
Text: 
Message time: 2024-03-25T17:16:51.748195600
From: rou
Text: hello
Message time: 2024-03-25T17:20:21.899772
From: rou
Text: hello
Message time: 2024-03-25T17:21:27.207560900
From: rou
Text: hello
Message time: 2024-03-25T17:22:32.589625600
From: кщг
Text: фвфвы
Message time: 2024-03-25T17:23:56.797319600
From: rou
Text: helooMessage time: 2024-03-25T17:32:12.559571700
heloo
Message time: 2024-03-25T17:32:12.560574300
From: rou
Text: heloo

