Message time: 2024-03-14T15:43:40.324002600
jonny welcome to chat!
Message time: 2024-03-15T11:58:07.774251300
From: rou
Text: hello
Message time: 2024-03-15T11:58:26.013401800
From: rou
Text: Not bad
Message time: 2024-03-15T11:58:52.929689500
From: rou
Text: Круто, наконец-то нет ошибок
Message time: 2024-03-15T11:59:50.124732900
From: rou
Text: Так, надеюсь тормоза такие только из-за лишнего sleep у клиента...
Message time: 2024-03-15T12:00:00.461652600
From: rou
Text: Да, похоже, что так)
Message time: 2024-03-15T12:08:44.475197
From: rou
Text: Hello
Message time: 2024-03-15T12:09:23.829041900
From: rou
Text: Шустро
Message time: 2024-03-15T12:09:36.024726800
From: rou
Text: И вроде бы ничего не падает
Message time: 2024-03-15T12:10:05.370746100
From: rou
Text: Да, отказаться от отправки клиентских логов было верным решением
Message time: 2024-03-15T12:17:52.986039500
From: rou1
Text: hello
Message time: 2024-03-15T12:18:58.011307300
From: rou2
Text: kel
Message time: 2024-03-15T12:19:39.029388800
From: rou2
Text: чёрт, второго не видетьь
